c:\users\aiden\desktop\csgo-main\guidedhacking\guidedhacking\x64\release\vc143.pdb
c:\users\aiden\desktop\csgo-main\guidedhacking\guidedhacking\x64\release\memory.obj
c:\users\aiden\desktop\csgo-main\guidedhacking\guidedhacking\x64\release\guidedhacking.obj
c:\users\aiden\desktop\csgo-main\guidedhacking\guidedhacking\x64\release\events.obj
c:\users\aiden\desktop\csgo-main\guidedhacking\guidedhacking\x64\release\communication.obj
c:\users\aiden\desktop\csgo-main\guidedhacking\x64\release\guidedhacking\guidedhacking.cat
c:\users\aiden\desktop\csgo-main\guidedhacking\x64\release\guidedhacking.sys
c:\users\aiden\desktop\csgo-main\guidedhacking\x64\release\guidedhacking.pdb
c:\users\aiden\desktop\csgo-main\guidedhacking\guidedhacking\x64\release\guidedhacking.inf
c:\users\aiden\desktop\csgo-main\guidedhacking\x64\release\guidedhacking.cer
c:\users\aiden\desktop\csgo-main\guidedhacking\x64\release\guidedhacking.inf
c:\users\aiden\desktop\csgo-main\guidedhacking\guidedhacking\x64\release\guidedhacking.tlog\cl.command.1.tlog
c:\users\aiden\desktop\csgo-main\guidedhacking\guidedhacking\x64\release\guidedhacking.tlog\cl.read.1.tlog
c:\users\aiden\desktop\csgo-main\guidedhacking\guidedhacking\x64\release\guidedhacking.tlog\cl.write.1.tlog
c:\users\aiden\desktop\csgo-main\guidedhacking\guidedhacking\x64\release\guidedhacking.tlog\inf2cat-expand.15392.read.1.tlog
c:\users\aiden\desktop\csgo-main\guidedhacking\guidedhacking\x64\release\guidedhacking.tlog\inf2cat-expand.15392.write.1.tlog
c:\users\aiden\desktop\csgo-main\guidedhacking\guidedhacking\x64\release\guidedhacking.tlog\inf2cat-expand.19976.read.1.tlog
c:\users\aiden\desktop\csgo-main\guidedhacking\guidedhacking\x64\release\guidedhacking.tlog\inf2cat-expand.19976.write.1.tlog
c:\users\aiden\desktop\csgo-main\guidedhacking\guidedhacking\x64\release\guidedhacking.tlog\inf2cat-expand.24340.read.1.tlog
c:\users\aiden\desktop\csgo-main\guidedhacking\guidedhacking\x64\release\guidedhacking.tlog\inf2cat-expand.24340.write.1.tlog
c:\users\aiden\desktop\csgo-main\guidedhacking\guidedhacking\x64\release\guidedhacking.tlog\inf2cat-expand.6440.read.1.tlog
c:\users\aiden\desktop\csgo-main\guidedhacking\guidedhacking\x64\release\guidedhacking.tlog\inf2cat-expand.6440.write.1.tlog
c:\users\aiden\desktop\csgo-main\guidedhacking\guidedhacking\x64\release\guidedhacking.tlog\inf2cat-expand.6980.read.1.tlog
c:\users\aiden\desktop\csgo-main\guidedhacking\guidedhacking\x64\release\guidedhacking.tlog\inf2cat-expand.6980.write.1.tlog
c:\users\aiden\desktop\csgo-main\guidedhacking\guidedhacking\x64\release\guidedhacking.tlog\inf2cat-expand.read.1.tlog
c:\users\aiden\desktop\csgo-main\guidedhacking\guidedhacking\x64\release\guidedhacking.tlog\inf2cat-expand.write.1.tlog
c:\users\aiden\desktop\csgo-main\guidedhacking\guidedhacking\x64\release\guidedhacking.tlog\inf2cat.command.1.tlog
c:\users\aiden\desktop\csgo-main\guidedhacking\guidedhacking\x64\release\guidedhacking.tlog\inf2cat.read.1.tlog
c:\users\aiden\desktop\csgo-main\guidedhacking\guidedhacking\x64\release\guidedhacking.tlog\inf2cat.write.1.tlog
c:\users\aiden\desktop\csgo-main\guidedhacking\guidedhacking\x64\release\guidedhacking.tlog\link.command.1.tlog
c:\users\aiden\desktop\csgo-main\guidedhacking\guidedhacking\x64\release\guidedhacking.tlog\link.read.1.tlog
c:\users\aiden\desktop\csgo-main\guidedhacking\guidedhacking\x64\release\guidedhacking.tlog\link.write.1.tlog
c:\users\aiden\desktop\csgo-main\guidedhacking\guidedhacking\x64\release\guidedhacking.tlog\signtool.command.1.tlog
c:\users\aiden\desktop\csgo-main\guidedhacking\guidedhacking\x64\release\guidedhacking.tlog\signtool.read.1.tlog
c:\users\aiden\desktop\csgo-main\guidedhacking\guidedhacking\x64\release\guidedhacking.tlog\signtool.timestamp.1.tlog
c:\users\aiden\desktop\csgo-main\guidedhacking\guidedhacking\x64\release\guidedhacking.tlog\signtool.write.1.tlog
c:\users\aiden\desktop\csgo-main\guidedhacking\guidedhacking\x64\release\guidedhacking.tlog\stampinf.command.1.tlog
c:\users\aiden\desktop\csgo-main\guidedhacking\guidedhacking\x64\release\guidedhacking.tlog\stampinf.read.1.tlog
c:\users\aiden\desktop\csgo-main\guidedhacking\guidedhacking\x64\release\guidedhacking.tlog\stampinf.write.1.tlog
